[GET] http://localhost:3001/api/files/watch => [200] OK
[GET] http://localhost:3001/api/gateway/events => [200] OK
[GET] http://localhost:3001/api/gateway/events => [200] OK
[GET] http://localhost:3001/api/gateway/detect => [200] OK
[GET] http://localhost:3001/api/gateway/detect => [200] OK
[GET] http://localhost:3001/api/files/spaces => [200] OK
[GET] http://localhost:3001/api/files/recent?limit=5 => [200] OK
[GET] http://localhost:3001/api/setup/status => [200] OK
[GET] http://localhost:3001/api/changes?sessionKey=main => [200] OK
[GET] http://localhost:3001/api/gateway/resolve?key=main => [200] OK
[GET] http://localhost:3001/api/gateway/history?limit=1000&sessionKey=main => [200] OK
[GET] http://localhost:3001/api/openclaw/commands => [200] OK
[GET] http://localhost:3001/api/files/recent?limit=8 => [200] OK
[GET] http://localhost:3001/api/gateway/events => [200] OK
[GET] http://localhost:3001/api/files/watch => [200] OK
[GET] http://localhost:3001/api/gateway/events => [FAILED] net::ERR_ABORTED
[GET] http://localhost:3001/api/changes?sessionKey=agent%3Amain%3Amain => [200] OK
[GET] http://localhost:3001/api/gateway/history?limit=1000&sessionKey=agent%3Amain%3Amain => [200] OK
[GET] http://localhost:3001/api/gateway/status => [200] OK
[GET] http://localhost:3001/api/gateway/events => [FAILED] net::ERR_ABORTED
[GET] http://localhost:3001/api/gateway/events => [200] OK
[GET] http://localhost:3001/api/files/recent?limit=5 => [200] OK
[GET] http://localhost:3001/api/files/spaces => [200] OK
[GET] http://localhost:3001/api/changes?sessionKey=agent%3Amain%3Amain => [200] OK
[GET] http://localhost:3001/api/files/recent?limit=5 => [200] OK
[GET] http://localhost:3001/api/files/spaces => [200] OK
[GET] http://localhost:3001/api/changes?sessionKey=agent%3Amain%3Amain => [200] OK
[GET] http://localhost:3001/api/gateway/status => [200] OK
[GET] http://localhost:3001/api/gateway/sessions => [200] OK
[GET] http://localhost:3001/api/files/recent?limit=5 => [200] OK
[GET] http://localhost:3001/api/files/spaces => [200] OK
[GET] http://localhost:3001/api/gateway/sessions => [200] OK
[GET] http://localhost:3001/api/files/recent?limit=8 => [200] OK
[GET] http://localhost:3001/api/files/watch => [200] OK
[GET] http://localhost:3001/api/gateway/events => [200] OK
[GET] http://localhost:3001/api/gateway/events => [200] OK
[GET] http://localhost:3001/api/gateway/detect => [200] OK
[GET] http://localhost:3001/api/gateway/detect => [200] OK
[GET] http://localhost:3001/api/files/spaces => [200] OK
[GET] http://localhost:3001/api/files/recent?limit=5 => [200] OK
[GET] http://localhost:3001/api/setup/status => [200] OK
[GET] http://localhost:3001/api/changes?sessionKey=main => [200] OK
[GET] http://localhost:3001/api/gateway/resolve?key=main => [200] OK
[GET] http://localhost:3001/api/gateway/history?limit=1000&sessionKey=main => [200] OK
[GET] http://localhost:3001/api/openclaw/commands => [200] OK
[GET] http://localhost:3001/api/files/recent?limit=8 => [200] OK
[GET] http://localhost:3001/api/gateway/events => [FAILED] net::ERR_ABORTED
[GET] http://localhost:3001/api/changes?sessionKey=agent%3Amain%3Amain => [200] OK
[GET] http://localhost:3001/api/gateway/history?limit=1000&sessionKey=agent%3Amain%3Amain => [200] OK
[GET] http://localhost:3001/api/gateway/events => [FAILED] net::ERR_ABORTED
[GET] http://localhost:3001/api/gateway/status => [200] OK
[GET] http://localhost:3001/api/files/recent?limit=5 => [200] OK
[GET] http://localhost:3001/api/files/spaces => [200] OK
[GET] http://localhost:3001/api/changes?sessionKey=agent%3Amain%3Amain => [200] OK
[GET] http://localhost:3001/api/files/recent?limit=5 => [200] OK
[GET] http://localhost:3001/api/files/spaces => [200] OK
[GET] http://localhost:3001/api/changes?sessionKey=agent%3Amain%3Amain => [200] OK
[GET] http://localhost:3001/api/gateway/status => [200] OK
[GET] http://localhost:3001/api/gateway/sessions => [200] OK
[GET] http://localhost:3001/api/files/recent?limit=5 => [200] OK
[GET] http://localhost:3001/api/files/spaces => [200] OK
[GET] http://localhost:3001/api/gateway/sessions => [200] OK